<?xml version="1.0" encoding="UTF-8"?>
<!-- Generated by org.testng.reporters.JUnitXMLReporter -->
<testsuite hostname="Infva05986" ignored="3" name="Test" tests="1" failures="0" timestamp="20 Sep 2019 19:03:15 GMT" time="0.04" errors="0">
  <testcase name="f3" time="0.016" classname="in.lti.day8.GroupingExamples"/>
  <testcase name="f4" time="0.0" classname="in.lti.day8.GroupingExamples">
    <ignored/>
  </testcase> <!-- f4 -->
  <testcase name="f2" time="0.0" classname="in.lti.day8.GroupingExamples">
    <ignored/>
  </testcase> <!-- f2 -->
  <testcase name="f1" time="0.0" classname="in.lti.day8.GroupingExamples">
    <ignored/>
  </testcase> <!-- f1 -->
</testsuite> <!-- Test -->
